[2026-05-25 09:49:03] [INFO] Command Received: smartpump/command#setschedulestartconfig
[2026-05-25 09:49:26] [INFO] Command Received: smartpump/command#setschedulestartconfig
[2026-05-25 09:53:41] [INFO] Command Received: smartpump/command#setschedulestartconfig
[2026-05-25 10:01:25] [INFO] Command Received: smartpump/command#setschedulestartconfig
[2026-05-25 10:01:48] [INFO] Command Received: smartpump/command#setschedulestartconfig
[2026-05-25 10:06:13] [INFO] Command Received: smartpump/command#setschedulestartconfig
[2026-05-25 10:07:23] [INFO] Command Received: smartpump/command#setschedulestartconfig
[2026-05-25 10:08:32] [INFO] Command Received: smartpump/command#setschedulestartconfig
[2026-05-25 10:10:18] [INFO] Command Received: smartpump/command#inhibitpump
[2026-05-25 10:11:23] [INFO] Command Received: smartpump/command#inhibitpump
[2026-05-25 10:12:28] [INFO] Command Received: smartpump/command#startpump
[2026-05-25 10:13:34] [INFO] Command Received: smartpump/command#startpump
[2026-05-25 10:14:39] [INFO] Command Received: smartpump/command#getschedulestartconfig
[2026-05-25 13:01:52] [INFO] Command Received: smartpump/command#startpump
[2026-05-25 14:50:21] [INFO] Command Received: smartpump/command#startpump
[2026-05-25 14:54:36] [INFO] Command Received: smartpump/command#startpump
[2026-05-25 14:55:41] [INFO] Command Received: smartpump/command#startpump
[2026-05-25 14:59:34] [INFO] Command Received: smartpump/command#startpump
[2026-05-25 15:02:51] [INFO] Command Received: smartpump/command#startpump
[2026-05-25 15:03:55] [INFO] Command Received: smartpump/command#getschedulestartconfig
[2026-05-25 15:04:16] [INFO] Command Received: smartpump/command#inhibitpump
[2026-05-26 06:35:07] [INFO] Command Received: smartpump/command#inhibitpump
[2026-05-26 06:36:10] [INFO] Command Received: smartpump/command#muteunmutealarm
[2026-05-26 07:02:40] [INFO] Command Received: smartpump/command#muteunmutealarm
[2026-05-26 07:03:44] [INFO] Command Received: smartpump/command#muteunmutealarm
[2026-05-26 07:31:05] [INFO] Command Received: smartpump/command#startpump
[2026-05-26 07:35:41] [INFO] Command Received: smartpump/command#startpump
